<?xml version="1.0" encoding="UTF-8"?>
<!-- Generated by org.testng.reporters.JUnitReportReporter -->
<testsuite skipped="0" hostname="DESKTOP-N60QB27" name="tests.Test7" tests="1" failures="0" timestamp="2022-12-22T10:22:34 IST" time="16.177" errors="0">
  <testcase name="m1" time="16.177" classname="tests.Test7"/>
</testsuite> <!-- tests.Test7 -->
