<?xml version="1.0" encoding="UTF-8"?>
<!-- Generated by org.testng.reporters.JUnitReportReporter -->
<testsuite skipped="0" hostname="DESKTOP-N60QB27" name="tests.Test4" tests="1" failures="0" timestamp="2022-12-22T09:58:04 IST" time="14.224" errors="0">
  <testcase name="m1" time="14.224" classname="tests.Test4"/>
</testsuite> <!-- tests.Test4 -->
