<?xml version="1.0" encoding="UTF-8"?>
<!-- Generated by org.testng.reporters.JUnitReportReporter -->
<testsuite skipped="0" hostname="DESKTOP-N60QB27" name="tests.Test3" tests="1" failures="0" timestamp="2022-12-22T09:55:16 IST" time="10.506" errors="0">
  <testcase name="m1" time="10.506" classname="tests.Test3"/>
</testsuite> <!-- tests.Test3 -->
